<?xml version="1.0" encoding="UTF-8"?>
<!-- Generated by org.testng.reporters.JUnitXMLReporter -->
<testsuite ignored="0" hostname="LAPTOP-87SVGSB0" failures="0" tests="3" name="Test" time="29.513" errors="0" timestamp="2024-06-09T10:17:25 IST">
  <testcase classname="testcases.RunLogin" name="executeLogin" time="0.82"/>
  <testcase classname="testcases.CreateLead" name="executeCreateLead" time="7.002"/>
  <testcase classname="testcases.CreateLead" name="executeCreateLead" time="6.533"/>
</testsuite> <!-- Test -->
