<?xml version="1.0" encoding="UTF-8"?>
<testng-results ignored="0" total="4" passed="4" failed="0" skipped="0">
  <reporter-output>
  </reporter-output>
  <suite started-at="2024-06-09T11:04:13 IST" name="Suite" finished-at="2024-06-09T11:04:56 IST" duration-ms="43185">
    <groups>
    </groups>
    <test started-at="2024-06-09T11:04:13 IST" name="TestEN" finished-at="2024-06-09T11:04:35 IST" duration-ms="21918">
      <class name="testcases.RunLogin">
        <test-method is-config="true" signature="preCondition(java.lang.String,java.lang.String)[pri:0, instance:testcases.RunLogin@36916eb0]" started-at="2024-06-09T11:04:13 IST" name="preCondition" finished-at="2024-06-09T11:04:23 IST" duration-ms="9575" status="PASS">
          <params>
            <param index="0">
              <value>
                <![CDATA[http://leaftaps.com/opentaps/]]>
              </value>
            </param>
            <param index="1">
              <value>
                <![CDATA[en]]>
              </value>
            </param>
          </params>
          <reporter-output>
          </reporter-output>
        </test-method> <!-- preCondition -->
        <test-method signature="executeLogin()[pri:0, instance:testcases.RunLogin@36916eb0]" started-at="2024-06-09T11:04:23 IST" name="executeLogin" finished-at="2024-06-09T11:04:23 IST" duration-ms="619" status="PASS">
          <reporter-output>
          </reporter-output>
        </test-method> <!-- executeLogin -->
        <test-method is-config="true" signature="postCondition()[pri:0, instance:testcases.RunLogin@36916eb0]" started-at="2024-06-09T11:04:23 IST" name="postCondition" finished-at="2024-06-09T11:04:24 IST" duration-ms="207" status="PASS">
          <reporter-output>
          </reporter-output>
        </test-method> <!-- postCondition -->
      </class> <!-- testcases.RunLogin -->
      <class name="testcases.CreateLead">
        <test-method is-config="true" signature="preCondition(java.lang.String,java.lang.String)[pri:0, instance:testcases.CreateLead@4a883b15]" started-at="2024-06-09T11:04:24 IST" name="preCondition" finished-at="2024-06-09T11:04:28 IST" duration-ms="4852" status="PASS">
          <params>
            <param index="0">
              <value>
                <![CDATA[http://leaftaps.com/opentaps/]]>
              </value>
            </param>
            <param index="1">
              <value>
                <![CDATA[en]]>
              </value>
            </param>
          </params>
          <reporter-output>
          </reporter-output>
        </test-method> <!-- preCondition -->
        <test-method signature="executeCreateLead()[pri:0, instance:testcases.CreateLead@4a883b15]" started-at="2024-06-09T11:04:28 IST" name="executeCreateLead" finished-at="2024-06-09T11:04:35 IST" duration-ms="6444" status="PASS">
          <reporter-output>
          </reporter-output>
        </test-method> <!-- executeCreateLead -->
        <test-method is-config="true" signature="postCondition()[pri:0, instance:testcases.CreateLead@4a883b15]" started-at="2024-06-09T11:04:35 IST" name="postCondition" finished-at="2024-06-09T11:04:35 IST" duration-ms="183" status="PASS">
          <reporter-output>
          </reporter-output>
        </test-method> <!-- postCondition -->
      </class> <!-- testcases.CreateLead -->
    </test> <!-- TestEN -->
    <test started-at="2024-06-09T11:04:35 IST" name="TestFR" finished-at="2024-06-09T11:04:56 IST" duration-ms="21205">
      <class name="testcases.RunLogin">
        <test-method is-config="true" signature="preCondition(java.lang.String,java.lang.String)[pri:0, instance:testcases.RunLogin@5b1669c0]" started-at="2024-06-09T11:04:35 IST" name="preCondition" finished-at="2024-06-09T11:04:42 IST" duration-ms="7193" status="PASS">
          <params>
            <param index="0">
              <value>
                <![CDATA[http://leaftaps.com/opentaps/]]>
              </value>
            </param>
            <param index="1">
              <value>
                <![CDATA[fr]]>
              </value>
            </param>
          </params>
          <reporter-output>
          </reporter-output>
        </test-method> <!-- preCondition -->
        <test-method signature="executeLogin()[pri:0, instance:testcases.RunLogin@5b1669c0]" started-at="2024-06-09T11:04:42 IST" name="executeLogin" finished-at="2024-06-09T11:04:43 IST" duration-ms="624" status="PASS">
          <reporter-output>
          </reporter-output>
        </test-method> <!-- executeLogin -->
        <test-method is-config="true" signature="postCondition()[pri:0, instance:testcases.RunLogin@5b1669c0]" started-at="2024-06-09T11:04:43 IST" name="postCondition" finished-at="2024-06-09T11:04:43 IST" duration-ms="198" status="PASS">
          <reporter-output>
          </reporter-output>
        </test-method> <!-- postCondition -->
      </class> <!-- testcases.RunLogin -->
      <class name="testcases.CreateLead">
        <test-method is-config="true" signature="preCondition(java.lang.String,java.lang.String)[pri:0, instance:testcases.CreateLead@78e4deb0]" started-at="2024-06-09T11:04:43 IST" name="preCondition" finished-at="2024-06-09T11:04:50 IST" duration-ms="6377" status="PASS">
          <params>
            <param index="0">
              <value>
                <![CDATA[http://leaftaps.com/opentaps/]]>
              </value>
            </param>
            <param index="1">
              <value>
                <![CDATA[fr]]>
              </value>
            </param>
          </params>
          <reporter-output>
          </reporter-output>
        </test-method> <!-- preCondition -->
        <test-method signature="executeCreateLead()[pri:0, instance:testcases.CreateLead@78e4deb0]" started-at="2024-06-09T11:04:50 IST" name="executeCreateLead" finished-at="2024-06-09T11:04:56 IST" duration-ms="6442" status="PASS">
          <reporter-output>
          </reporter-output>
        </test-method> <!-- executeCreateLead -->
        <test-method is-config="true" signature="postCondition()[pri:0, instance:testcases.CreateLead@78e4deb0]" started-at="2024-06-09T11:04:56 IST" name="postCondition" finished-at="2024-06-09T11:04:56 IST" duration-ms="367" status="PASS">
          <reporter-output>
          </reporter-output>
        </test-method> <!-- postCondition -->
      </class> <!-- testcases.CreateLead -->
    </test> <!-- TestFR -->
  </suite> <!-- Suite -->
</testng-results>
